<?xml version="1.0" encoding="UTF-8"?><testsuite errors="1" failures="0" name="Test Scenario" skipped="0" tests="1" time="0.63" timestamp="2020-08-13 02:18:02"><testcase name="A scenario"><error message="selenium_tests.stepdefinition.test.&lt;init&gt;()" type="java.lang.NoSuchMethodException">selenium_tests.stepdefinition.test.&lt;init&gt;()</error><system-err>selenium_tests.stepdefinition.test.&lt;init&gt;()&#13;
cucumber.runner.Runner.runPickle(Runner.java:80)&#13;
</system-err></testcase></testsuite>